Arguments: 
  /Users/davidcheng/.nvm/versions/node/v9.4.0/lib/node_modules/node/bin/node /Users/davidcheng/.nvm/versions/node/v9.4.0/bin/yarn start

PATH: 
  /Users/davidcheng/.rvm/gems/ruby-2.4.4/bin:/Users/davidcheng/.rvm/gems/ruby-2.4.4@global/bin:/Users/davidcheng/.rvm/rubies/ruby-2.4.4/bin:/anaconda3/bin:/Library/Frameworks/Python.framework/Versions/3.6/bin:/Users/davidcheng/.nvm/versions/node/v9.4.0/bin:/usr/local/bin:/usr/bin:/bin:/usr/sbin:/sbin:/Users/davidcheng/.rvm/gems/ruby-2.4.4/bin:/Users/davidcheng/.rvm/gems/ruby-2.4.4@global/bin:/Users/davidcheng/.rvm/rubies/ruby-2.4.4/bin:/anaconda3/bin:/Library/Frameworks/Python.framework/Versions/3.6/bin:/Users/davidcheng/.rvm/bin

Yarn version: 
  1.5.1

Node version: 
  10.9.0

Platform: 
  darwin x64

npm manifest: 
  {
    "name": "tictactoe",
    "version": "1.0.0",
    "main": "index.js",
    "scripts": {
      "test": "echo \"Error: no test specified\" && exit 1"
    },
    "repository": {
      "type": "git",
      "url": "git+https://github.com/HaveAGneissDay/tictactoe.git"
    },
    "author": "",
    "license": "ISC",
    "bugs": {
      "url": "https://github.com/HaveAGneissDay/tictactoe/issues"
    },
    "homepage": "https://github.com/HaveAGneissDay/tictactoe#readme",
    "description": "",
    "dependencies": {
      "react": "^17.0.2",
      "react-dom": "^17.0.2"
    }
  }

yarn manifest: 
  No manifest

Lockfile: 
  No lockfile

Trace: 
  Error: Command "start" not found.
      at new MessageError (/Users/davidcheng/.nvm/versions/node/v9.4.0/lib/node_modules/yarn/lib/cli.js:186:110)
      at /Users/davidcheng/.nvm/versions/node/v9.4.0/lib/node_modules/yarn/lib/cli.js:87307:17
      at Generator.next (<anonymous>)
      at step (/Users/davidcheng/.nvm/versions/node/v9.4.0/lib/node_modules/yarn/lib/cli.js:98:30)
      at /Users/davidcheng/.nvm/versions/node/v9.4.0/lib/node_modules/yarn/lib/cli.js:116:14
      at new Promise (<anonymous>)
      at new F (/Users/davidcheng/.nvm/versions/node/v9.4.0/lib/node_modules/yarn/lib/cli.js:23451:28)
      at /Users/davidcheng/.nvm/versions/node/v9.4.0/lib/node_modules/yarn/lib/cli.js:95:12
      at runCommand (/Users/davidcheng/.nvm/versions/node/v9.4.0/lib/node_modules/yarn/lib/cli.js:87312:22)
      at Object.<anonymous> (/Users/davidcheng/.nvm/versions/node/v9.4.0/lib/node_modules/yarn/lib/cli.js:87412:14)
